Running 'gradlew :app:bundleRelease' in /home/expo/workingdir/build/dermavisionai/android
Downloading https://services.gradle.org/distributions/gradle-8.8-all.zip
10%.
20
%.
30%.
40%
50%.
60%
70%.
80%
90%
100%
Welcome to Gradle 8.8!
Here are the highlights of this release:
 - Running Gradle on Java 22
 - Configurable Gradle daemon JVM
 - Improved IDE performance for large projects
For more details see https://docs.gradle.org/8.8/release-notes.html
To honour the JVM settings for this build a single-use Daemon process will be forked. For more on this, please refer to https://docs.gradle.org/8.8/userguide/gradle_daemon.html#sec:disabling_the_daemon in the Gradle documentation.
Daemon will be stopped at the end of the build
> Task :gradle-plugin:shared:checkKotlinGradlePluginConfigurationErrors
> Task :gradle-plugin:settings-plugin:checkKotlinGradlePluginConfigurationErrors
> Task :gradle-plugin:settings-plugin:pluginDescriptors
> Task :gradle-plugin:settings-plugin:processResources
> Task :gradle-plugin:shared:processResources NO-SOURCE
> Task :gradle-plugin:shared:compileKotlin
> Task :gradle-plugin:shared:compileJava NO-SOURCE
> Task :gradle-plugin:shared:classes UP-TO-DATE
> Task :gradle-plugin:shared:jar
> Task :gradle-plugin:settings-plugin:compileKotlin
> Task :gradle-plugin:settings-plugin:compileJava NO-SOURCE
> Task :gradle-plugin:settings-plugin:classes
> Task :gradle-plugin:settings-plugin:jar
> Task :gradle-plugin:react-native-gradle-plugin:checkKotlinGradlePluginConfigurationErrors
> Task :gradle-plugin:react-native-gradle-plugin:pluginDescriptors
> Task :gradle-plugin:react-native-gradle-plugin:processResources
> Task :gradle-plugin:react-native-gradle-plugin:compileKotlin
> Task :gradle-plugin:react-native-gradle-plugin:compileJava
NO-SOURCE
> Task :gradle-plugin:react-native-gradle-plugin:classes
> Task :gradle-plugin:react-native-gradle-plugin:jar
FAILURE: Build completed with 2 failures.
1:
Task failed with an exception.
-----------
* Where:
Script '/home/expo/workingdir/build/dermavisionai/node_modules/expo-modules-autolinking/scripts/android/autolinking_implementation.gradle' line: 408
* What went wrong:
A problem occurred evaluating project ':expo'.
>
A problem occurred configuring project ':expo-camera'.
>
Failed to notify project evaluation listener.
>
compileSdkVersion is not specified. Please add it to build.gradle
>
Could not get unknown property 'release' for SoftwareComponent container of type org.gradle.api.internal.component.DefaultSoftwareComponentContainer.
* Try:
>
Run with
--stacktrace
option to get the stack trace.
>
Run with
--info
or
--debug
option to get more log output.
> Run with --scan to get full insights.
> Get more help at https://help.gradle.org.
==============================================================================
2: Task failed with an exception.
-----------
* Where:
Script '/home/expo/workingdir/build/dermavisionai/node_modules/expo-modules-core/android/ExpoModulesCorePlugin.gradle' line: 85
* What went wrong:
A problem occurred configuring project ':expo'.
>
Could not get unknown property 'release' for SoftwareComponent container of type org.gradle.api.internal.component.DefaultSoftwareComponentContainer.
* Try:
> Run with --stacktrace
option to get the stack trace.
> Run with --info or --debug option to get more log output.
> Run with --scan to get full insights.
> Get more help at https://help.gradle.org.
==============================================================================
BUILD FAILED in 1m 25s
13 actionable tasks: 13 executed
Error: Gradle build failed with unknown error. See logs for the "Run gradlew" phase for more information.
